
**** Build of configuration Debug for project Slot_SDL1 ****

make all 
Building file: ../main.cpp
Invoking: GCC C++ Compiler
g++ -O0 -g3 -Wall -c -fmessage-length=0 -MMD -MP -MF"main.d" -MT"main.d" -o "main.o" "../main.cpp"
Finished building: ../main.cpp
 
Building target: Slot_SDL1
Invoking: GCC C++ Linker
g++  -o "Slot_SDL1"  ./main.o   -lSDL -lSDL_image
Finished building target: Slot_SDL1
 

**** Build Finished ****

**** Build of configuration Debug for project Slot_SDL1 ****

make all 
Building file: ../main.cpp
Invoking: GCC C++ Compiler
g++ -O0 -g3 -Wall -c -fmessage-length=0 -MMD -MP -MF"main.d" -MT"main.d" -o "main.o" "../main.cpp"
Finished building: ../main.cpp
 
Building target: Slot_SDL1
Invoking: GCC C++ Linker
g++  -o "Slot_SDL1"  ./main.o   -lSDL -lSDL_image
Finished building target: Slot_SDL1
 

**** Build Finished ****

**** Build of configuration Debug for project Slot_SDL1 ****

make all 
make: Nothing to be done for 'all'.

**** Build Finished ****

**** Build of configuration Debug for project Slot_SDL1 ****

make all 
Building file: ../main.cpp
Invoking: GCC C++ Compiler
g++ -O0 -g3 -Wall -c -fmessage-length=0 -MMD -MP -MF"main.d" -MT"main.d" -o "main.o" "../main.cpp"
Finished building: ../main.cpp
 
Building target: Slot_SDL1
Invoking: GCC C++ Linker
g++  -o "Slot_SDL1"  ./main.o   -lSDL -lSDL_image
Finished building target: Slot_SDL1
 

**** Build Finished ****

**** Build of configuration Debug for project Slot_SDL1 ****

make all 
Building file: ../main.cpp
Invoking: GCC C++ Compiler
g++ -O0 -g3 -Wall -c -fmessage-length=0 -MMD -MP -MF"main.d" -MT"main.d" -o "main.o" "../main.cpp"
Finished building: ../main.cpp
 
Building target: Slot_SDL1
Invoking: GCC C++ Linker
g++  -o "Slot_SDL1"  ./main.o   -lSDL -lSDL_image
Finished building target: Slot_SDL1
 

**** Build Finished ****

**** Build of configuration Debug for project Slot_SDL1 ****

make all 
Building file: ../main.cpp
Invoking: GCC C++ Compiler
g++ -O0 -g3 -Wall -c -fmessage-length=0 -MMD -MP -MF"main.d" -MT"main.d" -o "main.o" "../main.cpp"
Finished building: ../main.cpp
 
Building target: Slot_SDL1
Invoking: GCC C++ Linker
g++  -o "Slot_SDL1"  ./main.o   -lSDL -lSDL_image
Finished building target: Slot_SDL1
 

**** Build Finished ****

**** Build of configuration Debug for project Slot_SDL1 ****

make all 
Building file: ../main.cpp
Invoking: GCC C++ Compiler
g++ -O0 -g3 -Wall -c -fmessage-length=0 -MMD -MP -MF"main.d" -MT"main.d" -o "main.o" "../main.cpp"
Finished building: ../main.cpp
 
Building target: Slot_SDL1
Invoking: GCC C++ Linker
g++  -o "Slot_SDL1"  ./main.o   -lSDL -lSDL_image
Finished building target: Slot_SDL1
 

**** Build Finished ****

**** Build of configuration Debug for project Slot_SDL1 ****

make all 
Building file: ../main.cpp
Invoking: GCC C++ Compiler
g++ -O0 -g3 -Wall -c -fmessage-length=0 -MMD -MP -MF"main.d" -MT"main.d" -o "main.o" "../main.cpp"
Finished building: ../main.cpp
 
Building target: Slot_SDL1
Invoking: GCC C++ Linker
g++  -o "Slot_SDL1"  ./main.o   -lSDL -lSDL_image
Finished building target: Slot_SDL1
 

**** Build Finished ****

**** Build of configuration Debug for project Slot_SDL2 ****

make all 
make: Nothing to be done for 'all'.

**** Build Finished ****

**** Build of configuration Debug for project Slot_SDL2 ****

make all 
Building file: ../main.cpp
Invoking: GCC C++ Compiler
g++ -O0 -g3 -Wall -c -fmessage-length=0 -MMD -MP -MF"main.d" -MT"main.d" -o "main.o" "../main.cpp"
Finished building: ../main.cpp
 
Building target: Slot_SDL2
Invoking: GCC C++ Linker
g++  -o "Slot_SDL2"  ./main.o   -lSDL2 -lSDL2_image
Finished building target: Slot_SDL2
 

**** Build Finished ****
